<?xml version="1.0" encoding="UTF-8"?>
<testsuite xmlns:xsi="http://www.w3.org/2001/XMLSchema-instance" xsi:noNamespaceSchemaLocation="https://maven.apache.org/surefire/maven-surefire-plugin/xsd/surefire-test-report-3.0.xsd" version="3.0" name="cucumberOptions.TestRunner" time="46.355" tests="3" errors="0" skipped="0" failures="0">
  <properties>
[...]
</properties>
  <testcase name="Search for items and validate results #1" classname="Search and place order for vegetables" time="17.899">
    <system-out><![CDATA[
@tag @GREENKART
Scenario: Search for items and validate results # src/test/java/features/search.feature:6
  Given user is on Greencart landing page       # stepDefenitions.MyStepDefinitions.user_is_on_greencart_landing_page()
  When user search for Cucumber vegetable       # stepDefenitions.MyStepDefinitions.user_search_for_something_vegetable(java.lang.String)
  Then "Cucumber" vegetable  are displayed      # stepDefenitions.MyStepDefinitions.something_vegetable_are_displayed(java.lang.String)
]]></system-out>
    <system-err><![CDATA[Starting ChromeDriver 86.0.4240.22 (398b0743353ff36fb1b82468f63a3a93b4e2e89e-refs/branch-heads/4240@{#378}) on port 41074
Only local connections are allowed.
Please see https://chromedriver.chromium.org/security-considerations for suggestions on keeping ChromeDriver safe.
ChromeDriver was started successfully.
[1611081195.758][WARNING]: This version of ChromeDriver has not been tested with Chrome version 87.
Jan 19, 2021 8:33:16 PM org.openqa.selenium.remote.ProtocolHandshake createSession
INFO: Detected dialect: W3C
]]></system-err>
  </testcase>
  <testcase name="Search for items and validate results #2" classname="Search and place order for vegetables" time="12.209">
    <system-out><![CDATA[
@tag @GREENKART
Scenario Outline: Search for items and validate results        # src/test/java/features/search.feature:22
  Given user is on Greencart landing page                      # stepDefenitions.MyStepDefinitions.user_is_on_greencart_landing_page()
  When user search for Brinjal vegetable                       # stepDefenitions.MyStepDefinitions.user_search_for_something_vegetable(java.lang.String)
  And User Add Item to the Cart                                # stepDefenitions.MyStepDefinitions.user_add_item_to_the_cart()
  And User Proceed to check out page for purchase              # stepDefenitions.MyStepDefinitions.user_proceed_to_check_out_page_for_purchase()
  Then Verify Selected Brinjal are displayed in check out page # stepDefenitions.MyStepDefinitions.verify_selected_something_are_displayed_in_check_out_page(java.lang.String)
]]></system-out>
    <system-err><![CDATA[Starting ChromeDriver 86.0.4240.22 (398b0743353ff36fb1b82468f63a3a93b4e2e89e-refs/branch-heads/4240@{#378}) on port 40522
Only local connections are allowed.
Please see https://chromedriver.chromium.org/security-considerations for suggestions on keeping ChromeDriver safe.
ChromeDriver was started successfully.
[1611081211.694][WARNING]: This version of ChromeDriver has not been tested with Chrome version 87.
Jan 19, 2021 8:33:32 PM org.openqa.selenium.remote.ProtocolHandshake createSession
INFO: Detected dialect: W3C
]]></system-err>
  </testcase>
  <testcase name="Search for items and validate results #3" classname="Search and place order for vegetables" time="14.495">
    <system-out><![CDATA[
@tag @GREENKART
Scenario Outline: Search for items and validate results         # src/test/java/features/search.feature:23
  Given user is on Greencart landing page                       # stepDefenitions.MyStepDefinitions.user_is_on_greencart_landing_page()
  When user search for Beetroot vegetable                       # stepDefenitions.MyStepDefinitions.user_search_for_something_vegetable(java.lang.String)
  And User Add Item to the Cart                                 # stepDefenitions.MyStepDefinitions.user_add_item_to_the_cart()
  And User Proceed to check out page for purchase               # stepDefenitions.MyStepDefinitions.user_proceed_to_check_out_page_for_purchase()
  Then Verify Selected Beetroot are displayed in check out page # stepDefenitions.MyStepDefinitions.verify_selected_something_are_displayed_in_check_out_page(java.lang.String)
]]></system-out>
    <system-err><![CDATA[Starting ChromeDriver 86.0.4240.22 (398b0743353ff36fb1b82468f63a3a93b4e2e89e-refs/branch-heads/4240@{#378}) on port 19426
Only local connections are allowed.
Please see https://chromedriver.chromium.org/security-considerations for suggestions on keeping ChromeDriver safe.
ChromeDriver was started successfully.
[1611081223.901][WARNING]: This version of ChromeDriver has not been tested with Chrome version 87.
Jan 19, 2021 8:33:44 PM org.openqa.selenium.remote.ProtocolHandshake createSession
INFO: Detected dialect: W3C
]]></system-err>
  </testcase>
</testsuite>